Generating input data...
Generating input data...
Generating input data...
Generating input data...
Generating input data...
Generating input data...
Generating input data...
Generating input data...
Generating input data...
Generating input data...
Generating input data...
Generating input data...
Generating input data...
Generating input data...
Generating input data...
Generating input data...
Generating input data...
Generating input data...
Generating input data...
Generating input data...
Applying gestures...
Adding background...
Adding background image...
Resolution set to 640x480
Rendering...
Applying gestures...
Adding background...
Adding background image...
Resolution set to 640x480
Rendering...
Applying gestures...
Adding background...
Adding background image...
Resolution set to 640x480
Rendering...
Applying gestures...
Adding background...
Adding background image...
Resolution set to 640x480
Rendering...
Applying gestures...
Adding background...
Adding background image...
Resolution set to 640x480
Rendering...
Applying gestures...
Adding background...
Adding background image...
Resolution set to 640x480
Rendering...
Applying gestures...
Adding background...
Adding background image...
Resolution set to 640x480
Rendering...
Applying gestures...
Adding background...
Adding background image...
Resolution set to 640x480
Rendering...
Applying gestures...
Adding background...
Adding background image...
Resolution set to 640x480
Rendering...
Applying gestures...
Adding background...
Adding background image...
Resolution set to 640x480
Rendering...
Applying gestures...
Adding background...
Adding background image...
Resolution set to 640x480
Rendering...
Applying gestures...
Adding background...
Adding background image...
Resolution set to 640x480
Rendering...
Applying gestures...
Adding background...
Adding background image...
Resolution set to 640x480
Rendering...
Applying gestures...
Adding background...
Adding background image...
Resolution set to 640x480
Rendering...
Read prefs: "C:\Users\arnau\AppData\Roaming\Blender Foundation\Blender\4.0\config\userpref.blend"
Read blend: "C:\Users\arnau\Logitech\blender-stylus\data\base_multi.blend"
Applying gestures...
Adding background...
Adding background image...
Resolution set to 640x480
Rendering...
Applying gestures...
Adding background...
Adding background image...
Resolution set to 640x480
Rendering...
Applying gestures...
Adding background...
Adding background image...
Resolution set to 640x480
Rendering...
Read prefs: "C:\Users\arnau\AppData\Roaming\Blender Foundation\Blender\4.0\config\userpref.blend"
Read blend: "C:\Users\arnau\Logitech\blender-stylus\data\base_multi.blend"
Saved: 'C:\Users\arnau\Logitech\blender-stylus\data\renders\13\bg\1.png'
Time: 00:07.10 (Saving: 00:00.10)

Read prefs: "C:\Users\arnau\AppData\Roaming\Blender Foundation\Blender\4.0\config\userpref.blend"
Read blend: "C:\Users\arnau\Logitech\blender-stylus\data\base_multi.blend"
Saved: 'C:\Users\arnau\Logitech\blender-stylus\data\renders\12\bg\1.png'
Time: 00:07.76 (Saving: 00:00.09)

Applying gestures...
Adding background...
Adding background image...
Resolution set to 640x480
Rendering...
Applying gestures...
Adding background...
Adding background image...
Resolution set to 640x480
Rendering...
Applying gestures...
Adding background...
Adding background image...
Resolution set to 640x480
Rendering...
Read prefs: "C:\Users\arnau\AppData\Roaming\Blender Foundation\Blender\4.0\config\userpref.blend"
Read blend: "C:\Users\arnau\Logitech\blender-stylus\data\base_multi.blend"
Saved: 'C:\Users\arnau\Logitech\blender-stylus\data\renders\15\bg\1.png'
Time: 00:10.75 (Saving: 00:00.06)

Read prefs: "C:\Users\arnau\AppData\Roaming\Blender Foundation\Blender\4.0\config\userpref.blend"
Read blend: "C:\Users\arnau\Logitech\blender-stylus\data\base_multi.blend"
Saved: 'C:\Users\arnau\Logitech\blender-stylus\data\renders\14\bg\1.png'
Time: 00:11.02 (Saving: 00:00.06)

Read prefs: "C:\Users\arnau\AppData\Roaming\Blender Foundation\Blender\4.0\config\userpref.blend"
Read blend: "C:\Users\arnau\Logitech\blender-stylus\data\base_multi.blend"
Read prefs: "C:\Users\arnau\AppData\Roaming\Blender Foundation\Blender\4.0\config\userpref.blend"
Read blend: "C:\Users\arnau\Logitech\blender-stylus\data\base_multi.blend"
Read prefs: "C:\Users\arnau\AppData\Roaming\Blender Foundation\Blender\4.0\config\userpref.blend"
Read blend: "C:\Users\arnau\Logitech\blender-stylus\data\base_multi.blend"
Read prefs: "C:\Users\arnau\AppData\Roaming\Blender Foundation\Blender\4.0\config\userpref.blend"
Read blend: "C:\Users\arnau\Logitech\blender-stylus\data\base_multi.blend"
Read prefs: "C:\Users\arnau\AppData\Roaming\Blender Foundation\Blender\4.0\config\userpref.blend"
Read blend: "C:\Users\arnau\Logitech\blender-stylus\data\base_multi.blend"
Read prefs: "C:\Users\arnau\AppData\Roaming\Blender Foundation\Blender\4.0\config\userpref.blend"
Read blend: "C:\Users\arnau\Logitech\blender-stylus\data\base_multi.blend"
Read prefs: "C:\Users\arnau\AppData\Roaming\Blender Foundation\Blender\4.0\config\userpref.blend"
Read blend: "C:\Users\arnau\Logitech\blender-stylus\data\base_multi.blend"
Read prefs: "C:\Users\arnau\AppData\Roaming\Blender Foundation\Blender\4.0\config\userpref.blend"
Read blend: "C:\Users\arnau\Logitech\blender-stylus\data\base_multi.blend"
Read prefs: "C:\Users\arnau\AppData\Roaming\Blender Foundation\Blender\4.0\config\userpref.blend"
Read blend: "C:\Users\arnau\Logitech\blender-stylus\data\base_multi.blend"
Read prefs: "C:\Users\arnau\AppData\Roaming\Blender Foundation\Blender\4.0\config\userpref.blend"
Read blend: "C:\Users\arnau\Logitech\blender-stylus\data\base_multi.blend"
Read prefs: "C:\Users\arnau\AppData\Roaming\Blender Foundation\Blender\4.0\config\userpref.blend"
Read blend: "C:\Users\arnau\Logitech\blender-stylus\data\base_multi.blend"
Read prefs: "C:\Users\arnau\AppData\Roaming\Blender Foundation\Blender\4.0\config\userpref.blend"
Read blend: "C:\Users\arnau\Logitech\blender-stylus\data\base_multi.blend"
Saved: 'C:\Users\arnau\Logitech\blender-stylus\data\renders\17\bg\1.png'
Time: 00:14.54 (Saving: 00:00.08)

Read prefs: "C:\Users\arnau\AppData\Roaming\Blender Foundation\Blender\4.0\config\userpref.blend"
Read blend: "C:\Users\arnau\Logitech\blender-stylus\data\base_multi.blend"
Read prefs: "C:\Users\arnau\AppData\Roaming\Blender Foundation\Blender\4.0\config\userpref.blend"
Read blend: "C:\Users\arnau\Logitech\blender-stylus\data\base_multi.blend"
Saved: 'C:\Users\arnau\Logitech\blender-stylus\data\renders\26\bg\1.png'
Time: 00:17.24 (Saving: 00:00.07)

Saved: 'C:\Users\arnau\Logitech\blender-stylus\data\renders\31\bg\1.png'
Time: 00:14.95 (Saving: 00:00.07)

Read prefs: "C:\Users\arnau\AppData\Roaming\Blender Foundation\Blender\4.0\config\userpref.blend"
Read blend: "C:\Users\arnau\Logitech\blender-stylus\data\base_multi.blend"
Saved: 'C:\Users\arnau\Logitech\blender-stylus\data\renders\30\bg\1.png'
Time: 00:18.10 (Saving: 00:00.06)

Generating input data...
Generating input data...
Saved: 'C:\Users\arnau\Logitech\blender-stylus\data\renders\26\no-bg\1.png'
Time: 00:25.80 (Saving: 00:00.06)

Generating input data...
Read prefs: "C:\Users\arnau\AppData\Roaming\Blender Foundation\Blender\4.0\config\userpref.blend"
Read blend: "C:\Users\arnau\Logitech\blender-stylus\data\base_multi.blend"
Read prefs: "C:\Users\arnau\AppData\Roaming\Blender Foundation\Blender\4.0\config\userpref.blend"
Read blend: "C:\Users\arnau\Logitech\blender-stylus\data\base_multi.blend"
Read prefs: "C:\Users\arnau\AppData\Roaming\Blender Foundation\Blender\4.0\config\userpref.blend"
Read blend: "C:\Users\arnau\Logitech\blender-stylus\data\base_multi.blend"
Saved session recovery to "C:\Users\arnau\AppData\Local\Temp\quit.blend"

Blender quit
Saved: 'C:\Users\arnau\Logitech\blender-stylus\data\renders\26\bg\2.png'
Time: 00:04.84 (Saving: 00:00.05)

Generating input data...
Saved session recovery to "C:\Users\arnau\AppData\Local\Temp\quit.blend"

Blender quit
Saved session recovery to "C:\Users\arnau\AppData\Local\Temp\quit.blend"

Blender quit
Read prefs: "C:\Users\arnau\AppData\Roaming\Blender Foundation\Blender\4.0\config\userpref.blend"
Read blend: "C:\Users\arnau\Logitech\blender-stylus\data\base_multi.blend"
Read prefs: "C:\Users\arnau\AppData\Roaming\Blender Foundation\Blender\4.0\config\userpref.blend"
Saved session recovery to "C:\Users\arnau\AppData\Local\Temp\quit.blend"
Warning: property 'data_path' not found in item 'OperatorProperties'
Warning: property 'value' not found in item 'OperatorProperties'
Warning: property 'data_path' not found in item 'OperatorProperties'
Warning: property 'value' not found in item 'OperatorProperties'
Warning: property 'data_path' not found in item 'OperatorProperties'
Warning: property 'value' not found in item 'OperatorProperties'
Warning: property 'data_path' not found in item 'OperatorProperties'
Warning: property 'value' not found in item 'OperatorProperties'
Warning: property 'data_path' not found in item 'OperatorProperties'
Warning: property 'data_path' not found in item 'OperatorProperties'
Warning: property 'data_path' not found in item 'OperatorProperties'
Warning: property 'data_path' not found in item 'OperatorProperties'
Warning: property 'data_path' not found in item 'OperatorProperties'
Warning: property 'name' not found in item 'OperatorProperties'
Warning: property 'cycle' not found in item 'OperatorProperties'
Warning: property 'data_path' not found in item 'OperatorProperties'
Warning: property 'data_path' not found in item 'OperatorProperties'
Warning: property 'data_path' not found in item 'OperatorProperties'
Warning: property 'data_path' not found in item 'OperatorProperties'
Warning: property 'data_path' not found in item 'OperatorProperties'
Warning: property 'name' not found in item 'OperatorProperties'
Warning: property 'cycle' not found in item 'OperatorProperties'
Warning: property 'data_path' not found in item 'OperatorProperties'
Warning: property 'data_path' not found in item 'OperatorProperties'
Warning: property 'data_path' not found in item 'OperatorProperties'
Warning: property 'value' not found in item 'OperatorProperties'
Warning: property 'data_path' not found in item 'OperatorProperties'
Warning: property 'data_path' not found in item 'OperatorProperties'
Warning: property 'data_path' not found in item 'OperatorProperties'
Warning: property 'data_path' not found in item 'OperatorProperties'
Warning: property 'data_path' not found in item 'OperatorProperties'
Warning: property 'value' not found in item 'OperatorProperties'
Warning: property 'data_path' not found in item 'OperatorProperties'
Warning: property 'value' not found in item 'OperatorProperties'
Warning: property 'data_path' not found in item 'OperatorProperties'
Warning: property 'value' not found in item 'OperatorProperties'
Warning: property 'data_path' not found in item 'OperatorProperties'
Warning: property 'value' not found in item 'OperatorProperties'
Warning: property 'data_path' not found in item 'OperatorProperties'
Warning: property 'value' not found in item 'OperatorProperties'
Warning: property 'data_path' not found in item 'OperatorProperties'
Warning: property 'value' not found in item 'OperatorProperties'
Warning: property 'data_path' not found in item 'OperatorProperties'
Warning: property 'value' not found in item 'OperatorProperties'
Warning: property 'data_path' not found in item 'OperatorProperties'
Warning: property 'value' not found in item 'OperatorProperties'
Warning: property 'data_path' not found in item 'OperatorProperties'
Warning: property 'value' not found in item 'OperatorProperties'
Warning: property 'data_path' not found in item 'OperatorProperties'
Warning: property 'data_path' not found in item 'OperatorProperties'
Warning: property 'data_path' not found in item 'OperatorProperties'
Warning: property 'data_path' not found in item 'OperatorProperties'
Warning: property 'name' not found in item 'OperatorProperties'
Warning: property 'cycle' not found in item 'OperatorProperties'
Warning: property 'data_path' not found in item 'OperatorProperties'
Warning: property 'data_path' not found in item 'OperatorProperties'
Warning: property 'data_path' not found in item 'OperatorProperties'
Warning: property 'data_path' not found in item 'OperatorProperties'
Warning: property 'data_path' not found in item 'OperatorProperties'
Warning: property 'data_path' not found in item 'OperatorProperties'
Warning: property 'data_path' not found in item 'OperatorProperties'
Warning: property 'data_path' not found in item 'OperatorProperties'
Warning: property 'data_path' not found in item 'OperatorProperties'
Warning: property 'data_path' not found in item 'OperatorProperties'
Warning: property 'value' not found in item 'OperatorProperties'
Warning: property 'data_path' not found in item 'OperatorProperties'
Warning: property 'data_path' not found in item 'OperatorProperties'
Warning: property 'data_path' not found in item 'OperatorProperties'
Warning: property 'data_path' not found in item 'OperatorProperties'
Warning: property 'reverse' not found in item 'OperatorProperties'
Warning: property 'data_path' not found in item 'OperatorProperties'
Warning: property 'reverse' not found in item 'OperatorProperties'
Warning: property 'data_path' not found in item 'OperatorProperties'
Warning: property 'reverse' not found in item 'OperatorProperties'
Warning: property 'data_path' not found in item 'OperatorProperties'
Warning: property 'reverse' not found in item 'OperatorProperties'
Warning: property 'data_path' not found in item 'OperatorProperties'
Warning: property 'data_path' not found in item 'OperatorProperties'
Warning: property 'data_path' not found in item 'OperatorProperties'
Warning: property 'data_path' not found in item 'OperatorProperties'
Warning: property 'value_1' not found in item 'OperatorProperties'
Warning: property 'value_2' not found in item 'OperatorProperties'
Warning: property 'name' not found in item 'OperatorProperties'
Warning: property 'cycle' not found in item 'OperatorProperties'
Warning: property 'camera' not found in item 'OperatorProperties'
Warning: property 'camera' not found in item 'OperatorProperties'
Warning: property 'camera' not found in item 'OperatorProperties'
Warning: property 'camera' not found in item 'OperatorProperties'
Warning: property 'camera' not found in item 'OperatorProperties'
Warning: property 'camera' not found in item 'OperatorProperties'
Warning: property 'camera' not found in item 'OperatorProperties'
Warning: property 'camera' not found in item 'OperatorProperties'
Warning: property 'camera' not found in item 'OperatorProperties'
Warning: property 'camera' not found in item 'OperatorProperties'
Warning: property 'data_path' not found in item 'OperatorProperties'
Warning: property 'value' not found in item 'OperatorProperties'
Warning: property 'data_path' not found in item 'OperatorProperties'
Warning: property 'data_path' not found in item 'OperatorProperties'
Warning: property 'data_path' not found in item 'OperatorProperties'
Warning: property 'data_path' not found in item 'OperatorProperties'
Warning: property 'data_path' not found in item 'OperatorProperties'
Warning: property 'reverse' not found in item 'OperatorProperties'
Warning: property 'data_path' not found in item 'OperatorProperties'
Warning: property 'reverse' not found in item 'OperatorProperties'
Warning: property 'data_path' not found in item 'OperatorProperties'
Warning: property 'reverse' not found in item 'OperatorProperties'
Warning: property 'data_path' not found in item 'OperatorProperties'
Warning: property 'reverse' not found in item 'OperatorProperties'
Warning: property 'interactive' not found in item 'OperatorProperties'
Warning: property 'interactive' not found in item 'OperatorProperties'
Warning: property 'data_path' not found in item 'OperatorProperties'
Warning: property 'data_path' not found in item 'OperatorProperties'
Warning: property 'data_path' not found in item 'OperatorProperties'
Warning: property 'value_1' not found in item 'OperatorProperties'
Warning: property 'value_2' not found in item 'OperatorProperties'
Warning: property 'data_path' not found in item 'OperatorProperties'
Warning: property 'data_path' not found in item 'OperatorProperties'
Warning: property 'data_path' not found in item 'OperatorProperties'
Warning: property 'data_path' not found in item 'OperatorProperties'
Read prefs: "C:\Users\arnau\AppData\Roaming\Blender Foundation\Blender\4.0\config\userpref.blend"
Error: dropbox with unknown operator: WM_OT_drop_blend_file
Read blend: "C:\Users\arnau\Logitech\blender-stylus\data\base_multi.blend"
Warning: property 'data_path' not found in item 'OperatorProperties'
Warning: property 'data_path' not found in item 'OperatorProperties'
Warning: property 'data_path' not found in item 'OperatorProperties'
Warning: property 'data_path' not found in item 'OperatorProperties'
Warning: property 'data_path' not found in item 'OperatorProperties'
Warning: property 'data_path' not found in item 'OperatorProperties'
Warning: property 'data_path' not found in item 'OperatorProperties'
Warning: property 'data_path' not found in item 'OperatorProperties'
Warning: property 'data_path' not found in item 'OperatorProperties'
Warning: property 'data_path' not found in item 'OperatorProperties'
Warning: property 'data_path' not found in item 'OperatorProperties'
Warning: property 'data_path' not found in item 'OperatorProperties'
Warning: property 'data_path' not found in item 'OperatorProperties'
Warning: property 'data_path' not found in item 'OperatorProperties'
Warning: property 'data_path' not found in item 'OperatorProperties'
Warning: property 'data_path' not found in item 'OperatorProperties'
Warning: property 'data_path' not found in item 'OperatorProperties'
Warning: property 'data_path' not found in item 'OperatorProperties'
Warning: property 'data_path' not found in item 'OperatorProperties'
Warning: property 'direction' not found in item 'OperatorProperties'
Warning: property 'extend' not found in item 'OperatorProperties'
Warning: property 'direction' not found in item 'OperatorProperties'
Warning: property 'extend' not found in item 'OperatorProperties'
Warning: property 'direction' not found in item 'OperatorProperties'
Warning: property 'extend' not found in item 'OperatorProperties'
Warning: property 'direction' not found in item 'OperatorProperties'
Warning: property 'extend' not found in item 'OperatorProperties'
Warning: property 'data_path' not found in item 'OperatorProperties'
Warning: property 'level' not found in item 'OperatorProperties'
Warning: property 'relative' not found in item 'OperatorProperties'
Warning: property 'level' not found in item 'OperatorProperties'
Warning: property 'relative' not found in item 'OperatorProperties'
Warning: property 'level' not found in item 'OperatorProperties'
Warning: property 'relative' not found in item 'OperatorProperties'
Warning: property 'level' not found in item 'OperatorProperties'
Warning: property 'relative' not found in item 'OperatorProperties'
Warning: property 'level' not found in item 'OperatorProperties'
Warning: property 'relative' not found in item 'OperatorProperties'
Warning: property 'level' not found in item 'OperatorProperties'
Warning: property 'relative' not found in item 'OperatorProperties'
Warning: property 'data_path' not found in item 'OperatorProperties'
Warning: property 'data_path' not found in item 'OperatorProperties'
Warning: property 'data_path' not found in item 'OperatorProperties'
Warning: property 'data_path' not found in item 'OperatorProperties'
Warning: property 'data_path' not found in item 'OperatorProperties'
Warning: property 'data_path' not found in item 'OperatorProperties'
Warning: property 'data_path' not found in item 'OperatorProperties'
Warning: property 'data_path' not found in item 'OperatorProperties'
Warning: property 'data_path' not found in item 'OperatorProperties'
Warning: property 'data_path' not found in item 'OperatorProperties'
Warning: property 'data_path' not found in item 'OperatorProperties'
Warning: property 'level' not found in item 'OperatorProperties'
Warning: property 'relative' not found in item 'OperatorProperties'
Warning: property 'level' not found in item 'OperatorProperties'
Warning: property 'relative' not found in item 'OperatorProperties'
Warning: property 'level' not found in item 'OperatorProperties'
Warning: property 'relative' not found in item 'OperatorProperties'
Warning: property 'level' not found in item 'OperatorProperties'
Warning: property 'relative' not found in item 'OperatorProperties'
Warning: property 'level' not found in item 'OperatorProperties'
Warning: property 'relative' not found in item 'OperatorProperties'
Warning: property 'level' not found in item 'OperatorProperties'
Warning: property 'relative' not found in item 'OperatorProperties'
Warning: property 'level' not found in item 'OperatorProperties'
Warning: property 'relative' not found in item 'OperatorProperties'
Warning: property 'level' not found in item 'OperatorProperties'
Warning: property 'relative' not found in item 'OperatorProperties'
Warning: property 'data_path' not found in item 'OperatorProperties'
Warning: property 'data_path' not found in item 'OperatorProperties'
Warning: property 'alt_navigation' not found in item 'OperatorProperties'
Warning: property 'data_path' not found in item 'OperatorProperties'
Warning: property 'data_path' not found in item 'OperatorProperties'
Warning: property 'data_path' not found in item 'OperatorProperties'
Warning: property 'data_path' not found in item 'OperatorProperties'
Warning: property 'data_path' not found in item 'OperatorProperties'
Warning: property 'data_path' not found in item 'OperatorProperties'
Warning: property 'value' not found in item 'OperatorProperties'
Warning: property 'data_path' not found in item 'OperatorProperties'
Warning: property 'value' not found in item 'OperatorProperties'
Warning: property 'data_path' not found in item 'OperatorProperties'
Warning: property 'value' not found in item 'OperatorProperties'
Warning: property 'data_path' not found in item 'OperatorProperties'
Warning: property 'data_path' not found in item 'OperatorProperties'
Warning: property 'data_path' not found in item 'OperatorProperties'
Warning: property 'data_path' not found in item 'OperatorProperties'
Warning: property 'data_path' not found in item 'OperatorProperties'
Warning: property 'name' not found in item 'OperatorProperties'
Warning: property 'name' not found in item 'OperatorProperties'
Warning: property 'name' not found in item 'OperatorProperties'
Warning: property 'name' not found in item 'OperatorProperties'
Warning: property 'name' not found in item 'OperatorProperties'
Exception in module register(): C:\Program Files\Blender Foundation\Blender 4.0\4.0\scripts\addons\io_anim_bvh\__init__.py
Exception in module register(): C:\Program Files\Blender Foundation\Blender 4.0\4.0\scripts\addons\io_curve_svg\__init__.py
Exception in module register(): C:\Program Files\Blender Foundation\Blender 4.0\4.0\scripts\addons\io_mesh_stl\__init__.py
Exception in module register(): C:\Program Files\Blender Foundation\Blender 4.0\4.0\scripts\addons\io_mesh_uv_layout\__init__.py
Exception in module register(): C:\Program Files\Blender Foundation\Blender 4.0\4.0\scripts\addons\io_scene_fbx\__init__.py
Exception in module register(): C:\Program Files\Blender Foundation\Blender 4.0\4.0\scripts\addons\io_scene_gltf2\__init__.py
Exception in module register(): C:\Program Files\Blender Foundation\Blender 4.0\4.0\scripts\addons\cycles\__init__.py
Exception in module register(): C:\Program Files\Blender Foundation\Blender 4.0\4.0\scripts\addons\pose_library\__init__.py
Exception in module register(): C:\Program Files\Blender Foundation\Blender 4.0\4.0\scripts\addons\cycles\__init__.py
Exception in module register(): C:\Program Files\Blender Foundation\Blender 4.0\4.0\scripts\addons\io_anim_bvh\__init__.py
Exception in module register(): C:\Program Files\Blender Foundation\Blender 4.0\4.0\scripts\addons\io_curve_svg\__init__.py
Exception in module register(): C:\Program Files\Blender Foundation\Blender 4.0\4.0\scripts\addons\io_mesh_stl\__init__.py
Exception in module register(): C:\Program Files\Blender Foundation\Blender 4.0\4.0\scripts\addons\io_mesh_uv_layout\__init__.py
Exception in module register(): C:\Program Files\Blender Foundation\Blender 4.0\4.0\scripts\addons\io_scene_fbx\__init__.py
Exception in module register(): C:\Program Files\Blender Foundation\Blender 4.0\4.0\scripts\addons\io_scene_gltf2\__init__.py
Exception in module register(): C:\Program Files\Blender Foundation\Blender 4.0\4.0\scripts\addons\io_scene_x3d\__init__.py
Exception in module register(): C:\Program Files\Blender Foundation\Blender 4.0\4.0\scripts\addons\pose_library\__init__.py
Saved session recovery to "C:\Users\arnau\AppData\Local\Temp\quit.blend"

Blender quit
Generating input data...
Generating input data...
Generating input data...
